<?xml version="1.0" encoding="UTF-8"?>
<testsuite xmlns:xsi="http://www.w3.org/2001/XMLSchema-instance" xsi:noNamespaceSchemaLocation="https://maven.apache.org/surefire/maven-surefire-plugin/xsd/surefire-test-report-3.0.xsd" version="3.0" name="com.ilp.restservice.unitTest.OrderValidationServiceTest" time="0.706" tests="23" errors="0" skipped="0" failures="0">
  <properties>
    <property name="java.specification.version" value="23"/>
    <property name="sun.cpu.isalist" value="amd64"/>
    <property name="sun.jnu.encoding" value="GBK"/>
    <property name="java.class.path" value="C:\Users\Guolong\OneDrive - University of Edinburgh\ST_CW\ilp_submission_1\target\test-classes;C:\Users\Guolong\OneDrive - University of Edinburgh\ST_CW\ilp_submission_1\target\classes;C:\Users\Guolong\.m2\repository\org\springframework\boot\spring-boot-starter-test\3.3.4\spring-boot-starter-test-3.3.4.jar;C:\Users\Guolong\.m2\repository\org\springframework\boot\spring-boot-starter\3.3.4\spring-boot-starter-3.3.4.jar;C:\Users\Guolong\.m2\repository\org\springframework\boot\spring-boot\3.3.4\spring-boot-3.3.4.jar;C:\Users\Guolong\.m2\repository\org\springframework\boot\spring-boot-autoconfigure\3.3.4\spring-boot-autoconfigure-3.3.4.jar;C:\Users\Guolong\.m2\repository\org\springframework\boot\spring-boot-starter-logging\3.3.4\spring-boot-starter-logging-3.3.4.jar;C:\Users\Guolong\.m2\repository\ch\qos\logback\logback-classic\1.5.8\logback-classic-1.5.8.jar;C:\Users\Guolong\.m2\repository\ch\qos\logback\logback-core\1.5.8\logback-core-1.5.8.jar;C:\Users\Guolong\.m2\repository\org\apache\logging\log4j\log4j-to-slf4j\2.23.1\log4j-to-slf4j-2.23.1.jar;C:\Users\Guolong\.m2\repository\org\apache\logging\log4j\log4j-api\2.23.1\log4j-api-2.23.1.jar;C:\Users\Guolong\.m2\repository\org\slf4j\jul-to-slf4j\2.0.16\jul-to-slf4j-2.0.16.jar;C:\Users\Guolong\.m2\repository\jakarta\annotation\jakarta.annotation-api\2.1.1\jakarta.annotation-api-2.1.1.jar;C:\Users\Guolong\.m2\repository\org\yaml\snakeyaml\2.2\snakeyaml-2.2.jar;C:\Users\Guolong\.m2\repository\org\springframework\boot\spring-boot-test\3.3.4\spring-boot-test-3.3.4.jar;C:\Users\Guolong\.m2\repository\org\springframework\boot\spring-boot-test-autoconfigure\3.3.4\spring-boot-test-autoconfigure-3.3.4.jar;C:\Users\Guolong\.m2\repository\com\jayway\jsonpath\json-path\2.9.0\json-path-2.9.0.jar;C:\Users\Guolong\.m2\repository\org\slf4j\slf4j-api\2.0.16\slf4j-api-2.0.16.jar;C:\Users\Guolong\.m2\repository\jakarta\xml\bind\jakarta.xml.bind-api\4.0.2\jakarta.xml.bind-api-4.0.2.jar;C:\Users\Guolong\.m2\repository\jakarta\activation\jakarta.activation-api\2.1.3\jakarta.activation-api-2.1.3.jar;C:\Users\Guolong\.m2\repository\net\minidev\json-smart\2.5.1\json-smart-2.5.1.jar;C:\Users\Guolong\.m2\repository\net\minidev\accessors-smart\2.5.1\accessors-smart-2.5.1.jar;C:\Users\Guolong\.m2\repository\org\ow2\asm\asm\9.6\asm-9.6.jar;C:\Users\Guolong\.m2\repository\org\assertj\assertj-core\3.25.3\assertj-core-3.25.3.jar;C:\Users\Guolong\.m2\repository\net\bytebuddy\byte-buddy\1.14.19\byte-buddy-1.14.19.jar;C:\Users\Guolong\.m2\repository\org\awaitility\awaitility\4.2.2\awaitility-4.2.2.jar;C:\Users\Guolong\.m2\repository\org\hamcrest\hamcrest\2.2\hamcrest-2.2.jar;C:\Users\Guolong\.m2\repository\org\junit\jupiter\junit-jupiter\5.10.3\junit-jupiter-5.10.3.jar;C:\Users\Guolong\.m2\repository\org\junit\jupiter\junit-jupiter-api\5.10.3\junit-jupiter-api-5.10.3.jar;C:\Users\Guolong\.m2\repository\org\opentest4j\opentest4j\1.3.0\opentest4j-1.3.0.jar;C:\Users\Guolong\.m2\repository\org\junit\platform\junit-platform-commons\1.10.3\junit-platform-commons-1.10.3.jar;C:\Users\Guolong\.m2\repository\org\apiguardian\apiguardian-api\1.1.2\apiguardian-api-1.1.2.jar;C:\Users\Guolong\.m2\repository\org\junit\jupiter\junit-jupiter-params\5.10.3\junit-jupiter-params-5.10.3.jar;C:\Users\Guolong\.m2\repository\org\junit\jupiter\junit-jupiter-engine\5.10.3\junit-jupiter-engine-5.10.3.jar;C:\Users\Guolong\.m2\repository\org\junit\platform\junit-platform-engine\1.10.3\junit-platform-engine-1.10.3.jar;C:\Users\Guolong\.m2\repository\org\mockito\mockito-core\5.11.0\mockito-core-5.11.0.jar;C:\Users\Guolong\.m2\repository\net\bytebuddy\byte-buddy-agent\1.14.19\byte-buddy-agent-1.14.19.jar;C:\Users\Guolong\.m2\repository\org\objenesis\objenesis\3.3\objenesis-3.3.jar;C:\Users\Guolong\.m2\repository\org\mockito\mockito-junit-jupiter\5.11.0\mockito-junit-jupiter-5.11.0.jar;C:\Users\Guolong\.m2\repository\org\skyscreamer\jsonassert\1.5.3\jsonassert-1.5.3.jar;C:\Users\Guolong\.m2\repository\com\vaadin\external\google\android-json\0.0.20131108.vaadin1\android-json-0.0.20131108.vaadin1.jar;C:\Users\Guolong\.m2\repository\org\springframework\spring-core\6.1.13\spring-core-6.1.13.jar;C:\Users\Guolong\.m2\repository\org\springframework\spring-jcl\6.1.13\spring-jcl-6.1.13.jar;C:\Users\Guolong\.m2\repository\org\springframework\spring-test\6.1.13\spring-test-6.1.13.jar;C:\Users\Guolong\.m2\repository\org\xmlunit\xmlunit-core\2.9.1\xmlunit-core-2.9.1.jar;C:\Users\Guolong\.m2\repository\org\springframework\boot\spring-boot-starter-validation\3.3.4\spring-boot-starter-validation-3.3.4.jar;C:\Users\Guolong\.m2\repository\org\apache\tomcat\embed\tomcat-embed-el\10.1.30\tomcat-embed-el-10.1.30.jar;C:\Users\Guolong\.m2\repository\org\hibernate\validator\hibernate-validator\8.0.1.Final\hibernate-validator-8.0.1.Final.jar;C:\Users\Guolong\.m2\repository\jakarta\validation\jakarta.validation-api\3.0.2\jakarta.validation-api-3.0.2.jar;C:\Users\Guolong\.m2\repository\org\jboss\logging\jboss-logging\3.5.3.Final\jboss-logging-3.5.3.Final.jar;C:\Users\Guolong\.m2\repository\com\fasterxml\classmate\1.7.0\classmate-1.7.0.jar;C:\Users\Guolong\.m2\repository\org\springframework\boot\spring-boot-starter-actuator\3.3.4\spring-boot-starter-actuator-3.3.4.jar;C:\Users\Guolong\.m2\repository\org\springframework\boot\spring-boot-actuator-autoconfigure\3.3.4\spring-boot-actuator-autoconfigure-3.3.4.jar;C:\Users\Guolong\.m2\repository\org\springframework\boot\spring-boot-actuator\3.3.4\spring-boot-actuator-3.3.4.jar;C:\Users\Guolong\.m2\repository\com\fasterxml\jackson\core\jackson-databind\2.17.2\jackson-databind-2.17.2.jar;C:\Users\Guolong\.m2\repository\com\fasterxml\jackson\core\jackson-annotations\2.17.2\jackson-annotations-2.17.2.jar;C:\Users\Guolong\.m2\repository\com\fasterxml\jackson\core\jackson-core\2.17.2\jackson-core-2.17.2.jar;C:\Users\Guolong\.m2\repository\com\fasterxml\jackson\datatype\jackson-datatype-jsr310\2.17.2\jackson-datatype-jsr310-2.17.2.jar;C:\Users\Guolong\.m2\repository\io\micrometer\micrometer-observation\1.13.4\micrometer-observation-1.13.4.jar;C:\Users\Guolong\.m2\repository\io\micrometer\micrometer-commons\1.13.4\micrometer-commons-1.13.4.jar;C:\Users\Guolong\.m2\repository\io\micrometer\micrometer-jakarta9\1.13.4\micrometer-jakarta9-1.13.4.jar;C:\Users\Guolong\.m2\repository\io\micrometer\micrometer-core\1.13.4\micrometer-core-1.13.4.jar;C:\Users\Guolong\.m2\repository\org\hdrhistogram\HdrHistogram\2.2.2\HdrHistogram-2.2.2.jar;C:\Users\Guolong\.m2\repository\org\latencyutils\LatencyUtils\2.0.3\LatencyUtils-2.0.3.jar;C:\Users\Guolong\.m2\repository\org\springframework\boot\spring-boot-starter-web\3.3.4\spring-boot-starter-web-3.3.4.jar;C:\Users\Guolong\.m2\repository\org\springframework\boot\spring-boot-starter-json\3.3.4\spring-boot-starter-json-3.3.4.jar;C:\Users\Guolong\.m2\repository\com\fasterxml\jackson\datatype\jackson-datatype-jdk8\2.17.2\jackson-datatype-jdk8-2.17.2.jar;C:\Users\Guolong\.m2\repository\com\fasterxml\jackson\module\jackson-module-parameter-names\2.17.2\jackson-module-parameter-names-2.17.2.jar;C:\Users\Guolong\.m2\repository\org\springframework\boot\spring-boot-starter-tomcat\3.3.4\spring-boot-starter-tomcat-3.3.4.jar;C:\Users\Guolong\.m2\repository\org\apache\tomcat\embed\tomcat-embed-core\10.1.30\tomcat-embed-core-10.1.30.jar;C:\Users\Guolong\.m2\repository\org\apache\tomcat\embed\tomcat-embed-websocket\10.1.30\tomcat-embed-websocket-10.1.30.jar;C:\Users\Guolong\.m2\repository\org\springframework\spring-web\6.1.13\spring-web-6.1.13.jar;C:\Users\Guolong\.m2\repository\org\springframework\spring-beans\6.1.13\spring-beans-6.1.13.jar;C:\Users\Guolong\.m2\repository\org\springframework\spring-webmvc\6.1.13\spring-webmvc-6.1.13.jar;C:\Users\Guolong\.m2\repository\org\springframework\spring-aop\6.1.13\spring-aop-6.1.13.jar;C:\Users\Guolong\.m2\repository\org\springframework\spring-context\6.1.13\spring-context-6.1.13.jar;C:\Users\Guolong\.m2\repository\org\springframework\spring-expression\6.1.13\spring-expression-6.1.13.jar;"/>
    <property name="java.vm.vendor" value="Oracle Corporation"/>
    <property name="sun.arch.data.model" value="64"/>
    <property name="user.variant" value=""/>
    <property name="java.vendor.url" value="https://java.oracle.com/"/>
    <property name="user.timezone" value="Europe/London"/>
    <property name="os.name" value="Windows 11"/>
    <property name="java.vm.specification.version" value="23"/>
    <property name="user.country" value="CN"/>
    <property name="sun.java.launcher" value="SUN_STANDARD"/>
    <property name="sun.boot.library.path" value="C:\Program Files\Java\jdk-23\bin"/>
    <property name="sun.java.command" value="C:\Users\Guolong\AppData\Local\Temp\surefire4279165982557827793\surefirebooter-20250119235809622_3.jar C:\Users\Guolong\AppData\Local\Temp\surefire4279165982557827793 2025-01-19T23-58-09_560-jvmRun1 surefire-20250119235809622_1tmp surefire_0-20250119235809622_2tmp"/>
    <property name="jdk.debug" value="release"/>
    <property name="test" value="com.ilp.restservice.unitTest.OrderValidationServiceTest"/>
    <property name="surefire.test.class.path" value="C:\Users\Guolong\OneDrive - University of Edinburgh\ST_CW\ilp_submission_1\target\test-classes;C:\Users\Guolong\OneDrive - University of Edinburgh\ST_CW\ilp_submission_1\target\classes;C:\Users\Guolong\.m2\repository\org\springframework\boot\spring-boot-starter-test\3.3.4\spring-boot-starter-test-3.3.4.jar;C:\Users\Guolong\.m2\repository\org\springframework\boot\spring-boot-starter\3.3.4\spring-boot-starter-3.3.4.jar;C:\Users\Guolong\.m2\repository\org\springframework\boot\spring-boot\3.3.4\spring-boot-3.3.4.jar;C:\Users\Guolong\.m2\repository\org\springframework\boot\spring-boot-autoconfigure\3.3.4\spring-boot-autoconfigure-3.3.4.jar;C:\Users\Guolong\.m2\repository\org\springframework\boot\spring-boot-starter-logging\3.3.4\spring-boot-starter-logging-3.3.4.jar;C:\Users\Guolong\.m2\repository\ch\qos\logback\logback-classic\1.5.8\logback-classic-1.5.8.jar;C:\Users\Guolong\.m2\repository\ch\qos\logback\logback-core\1.5.8\logback-core-1.5.8.jar;C:\Users\Guolong\.m2\repository\org\apache\logging\log4j\log4j-to-slf4j\2.23.1\log4j-to-slf4j-2.23.1.jar;C:\Users\Guolong\.m2\repository\org\apache\logging\log4j\log4j-api\2.23.1\log4j-api-2.23.1.jar;C:\Users\Guolong\.m2\repository\org\slf4j\jul-to-slf4j\2.0.16\jul-to-slf4j-2.0.16.jar;C:\Users\Guolong\.m2\repository\jakarta\annotation\jakarta.annotation-api\2.1.1\jakarta.annotation-api-2.1.1.jar;C:\Users\Guolong\.m2\repository\org\yaml\snakeyaml\2.2\snakeyaml-2.2.jar;C:\Users\Guolong\.m2\repository\org\springframework\boot\spring-boot-test\3.3.4\spring-boot-test-3.3.4.jar;C:\Users\Guolong\.m2\repository\org\springframework\boot\spring-boot-test-autoconfigure\3.3.4\spring-boot-test-autoconfigure-3.3.4.jar;C:\Users\Guolong\.m2\repository\com\jayway\jsonpath\json-path\2.9.0\json-path-2.9.0.jar;C:\Users\Guolong\.m2\repository\org\slf4j\slf4j-api\2.0.16\slf4j-api-2.0.16.jar;C:\Users\Guolong\.m2\repository\jakarta\xml\bind\jakarta.xml.bind-api\4.0.2\jakarta.xml.bind-api-4.0.2.jar;C:\Users\Guolong\.m2\repository\jakarta\activation\jakarta.activation-api\2.1.3\jakarta.activation-api-2.1.3.jar;C:\Users\Guolong\.m2\repository\net\minidev\json-smart\2.5.1\json-smart-2.5.1.jar;C:\Users\Guolong\.m2\repository\net\minidev\accessors-smart\2.5.1\accessors-smart-2.5.1.jar;C:\Users\Guolong\.m2\repository\org\ow2\asm\asm\9.6\asm-9.6.jar;C:\Users\Guolong\.m2\repository\org\assertj\assertj-core\3.25.3\assertj-core-3.25.3.jar;C:\Users\Guolong\.m2\repository\net\bytebuddy\byte-buddy\1.14.19\byte-buddy-1.14.19.jar;C:\Users\Guolong\.m2\repository\org\awaitility\awaitility\4.2.2\awaitility-4.2.2.jar;C:\Users\Guolong\.m2\repository\org\hamcrest\hamcrest\2.2\hamcrest-2.2.jar;C:\Users\Guolong\.m2\repository\org\junit\jupiter\junit-jupiter\5.10.3\junit-jupiter-5.10.3.jar;C:\Users\Guolong\.m2\repository\org\junit\jupiter\junit-jupiter-api\5.10.3\junit-jupiter-api-5.10.3.jar;C:\Users\Guolong\.m2\repository\org\opentest4j\opentest4j\1.3.0\opentest4j-1.3.0.jar;C:\Users\Guolong\.m2\repository\org\junit\platform\junit-platform-commons\1.10.3\junit-platform-commons-1.10.3.jar;C:\Users\Guolong\.m2\repository\org\apiguardian\apiguardian-api\1.1.2\apiguardian-api-1.1.2.jar;C:\Users\Guolong\.m2\repository\org\junit\jupiter\junit-jupiter-params\5.10.3\junit-jupiter-params-5.10.3.jar;C:\Users\Guolong\.m2\repository\org\junit\jupiter\junit-jupiter-engine\5.10.3\junit-jupiter-engine-5.10.3.jar;C:\Users\Guolong\.m2\repository\org\junit\platform\junit-platform-engine\1.10.3\junit-platform-engine-1.10.3.jar;C:\Users\Guolong\.m2\repository\org\mockito\mockito-core\5.11.0\mockito-core-5.11.0.jar;C:\Users\Guolong\.m2\repository\net\bytebuddy\byte-buddy-agent\1.14.19\byte-buddy-agent-1.14.19.jar;C:\Users\Guolong\.m2\repository\org\objenesis\objenesis\3.3\objenesis-3.3.jar;C:\Users\Guolong\.m2\repository\org\mockito\mockito-junit-jupiter\5.11.0\mockito-junit-jupiter-5.11.0.jar;C:\Users\Guolong\.m2\repository\org\skyscreamer\jsonassert\1.5.3\jsonassert-1.5.3.jar;C:\Users\Guolong\.m2\repository\com\vaadin\external\google\android-json\0.0.20131108.vaadin1\android-json-0.0.20131108.vaadin1.jar;C:\Users\Guolong\.m2\repository\org\springframework\spring-core\6.1.13\spring-core-6.1.13.jar;C:\Users\Guolong\.m2\repository\org\springframework\spring-jcl\6.1.13\spring-jcl-6.1.13.jar;C:\Users\Guolong\.m2\repository\org\springframework\spring-test\6.1.13\spring-test-6.1.13.jar;C:\Users\Guolong\.m2\repository\org\xmlunit\xmlunit-core\2.9.1\xmlunit-core-2.9.1.jar;C:\Users\Guolong\.m2\repository\org\springframework\boot\spring-boot-starter-validation\3.3.4\spring-boot-starter-validation-3.3.4.jar;C:\Users\Guolong\.m2\repository\org\apache\tomcat\embed\tomcat-embed-el\10.1.30\tomcat-embed-el-10.1.30.jar;C:\Users\Guolong\.m2\repository\org\hibernate\validator\hibernate-validator\8.0.1.Final\hibernate-validator-8.0.1.Final.jar;C:\Users\Guolong\.m2\repository\jakarta\validation\jakarta.validation-api\3.0.2\jakarta.validation-api-3.0.2.jar;C:\Users\Guolong\.m2\repository\org\jboss\logging\jboss-logging\3.5.3.Final\jboss-logging-3.5.3.Final.jar;C:\Users\Guolong\.m2\repository\com\fasterxml\classmate\1.7.0\classmate-1.7.0.jar;C:\Users\Guolong\.m2\repository\org\springframework\boot\spring-boot-starter-actuator\3.3.4\spring-boot-starter-actuator-3.3.4.jar;C:\Users\Guolong\.m2\repository\org\springframework\boot\spring-boot-actuator-autoconfigure\3.3.4\spring-boot-actuator-autoconfigure-3.3.4.jar;C:\Users\Guolong\.m2\repository\org\springframework\boot\spring-boot-actuator\3.3.4\spring-boot-actuator-3.3.4.jar;C:\Users\Guolong\.m2\repository\com\fasterxml\jackson\core\jackson-databind\2.17.2\jackson-databind-2.17.2.jar;C:\Users\Guolong\.m2\repository\com\fasterxml\jackson\core\jackson-annotations\2.17.2\jackson-annotations-2.17.2.jar;C:\Users\Guolong\.m2\repository\com\fasterxml\jackson\core\jackson-core\2.17.2\jackson-core-2.17.2.jar;C:\Users\Guolong\.m2\repository\com\fasterxml\jackson\datatype\jackson-datatype-jsr310\2.17.2\jackson-datatype-jsr310-2.17.2.jar;C:\Users\Guolong\.m2\repository\io\micrometer\micrometer-observation\1.13.4\micrometer-observation-1.13.4.jar;C:\Users\Guolong\.m2\repository\io\micrometer\micrometer-commons\1.13.4\micrometer-commons-1.13.4.jar;C:\Users\Guolong\.m2\repository\io\micrometer\micrometer-jakarta9\1.13.4\micrometer-jakarta9-1.13.4.jar;C:\Users\Guolong\.m2\repository\io\micrometer\micrometer-core\1.13.4\micrometer-core-1.13.4.jar;C:\Users\Guolong\.m2\repository\org\hdrhistogram\HdrHistogram\2.2.2\HdrHistogram-2.2.2.jar;C:\Users\Guolong\.m2\repository\org\latencyutils\LatencyUtils\2.0.3\LatencyUtils-2.0.3.jar;C:\Users\Guolong\.m2\repository\org\springframework\boot\spring-boot-starter-web\3.3.4\spring-boot-starter-web-3.3.4.jar;C:\Users\Guolong\.m2\repository\org\springframework\boot\spring-boot-starter-json\3.3.4\spring-boot-starter-json-3.3.4.jar;C:\Users\Guolong\.m2\repository\com\fasterxml\jackson\datatype\jackson-datatype-jdk8\2.17.2\jackson-datatype-jdk8-2.17.2.jar;C:\Users\Guolong\.m2\repository\com\fasterxml\jackson\module\jackson-module-parameter-names\2.17.2\jackson-module-parameter-names-2.17.2.jar;C:\Users\Guolong\.m2\repository\org\springframework\boot\spring-boot-starter-tomcat\3.3.4\spring-boot-starter-tomcat-3.3.4.jar;C:\Users\Guolong\.m2\repository\org\apache\tomcat\embed\tomcat-embed-core\10.1.30\tomcat-embed-core-10.1.30.jar;C:\Users\Guolong\.m2\repository\org\apache\tomcat\embed\tomcat-embed-websocket\10.1.30\tomcat-embed-websocket-10.1.30.jar;C:\Users\Guolong\.m2\repository\org\springframework\spring-web\6.1.13\spring-web-6.1.13.jar;C:\Users\Guolong\.m2\repository\org\springframework\spring-beans\6.1.13\spring-beans-6.1.13.jar;C:\Users\Guolong\.m2\repository\org\springframework\spring-webmvc\6.1.13\spring-webmvc-6.1.13.jar;C:\Users\Guolong\.m2\repository\org\springframework\spring-aop\6.1.13\spring-aop-6.1.13.jar;C:\Users\Guolong\.m2\repository\org\springframework\spring-context\6.1.13\spring-context-6.1.13.jar;C:\Users\Guolong\.m2\repository\org\springframework\spring-expression\6.1.13\spring-expression-6.1.13.jar;"/>
    <property name="sun.cpu.endian" value="little"/>
    <property name="user.home" value="C:\Users\Guolong"/>
    <property name="user.language" value="zh"/>
    <property name="java.specification.vendor" value="Oracle Corporation"/>
    <property name="java.version.date" value="2024-09-17"/>
    <property name="java.home" value="C:\Program Files\Java\jdk-23"/>
    <property name="file.separator" value="\"/>
    <property name="basedir" value="C:\Users\Guolong\OneDrive - University of Edinburgh\ST_CW\ilp_submission_1"/>
    <property name="java.vm.compressedOopsMode" value="Zero based"/>
    <property name="line.separator" value="&#10;"/>
    <property name="java.vm.specification.vendor" value="Oracle Corporation"/>
    <property name="java.specification.name" value="Java Platform API Specification"/>
    <property name="surefire.real.class.path" value="C:\Users\Guolong\AppData\Local\Temp\surefire4279165982557827793\surefirebooter-20250119235809622_3.jar"/>
    <property name="user.script" value=""/>
    <property name="sun.management.compiler" value="HotSpot 64-Bit Tiered Compilers"/>
    <property name="java.runtime.version" value="23+37-2369"/>
    <property name="user.name" value="Guolong"/>
    <property name="stdout.encoding" value="GBK"/>
    <property name="path.separator" value=";"/>
    <property name="os.version" value="10.0"/>
    <property name="java.runtime.name" value="Java(TM) SE Runtime Environment"/>
    <property name="file.encoding" value="UTF-8"/>
    <property name="java.vm.name" value="Java HotSpot(TM) 64-Bit Server VM"/>
    <property name="maven.ext.class.path" value="C:\Users\Guolong\.vscode\extensions\oracle.oracle-java-23.0.1\nbcode\java\maven-nblib\netbeans-eventspy.jar"/>
    <property name="localRepository" value="C:\Users\Guolong\.m2\repository"/>
    <property name="java.vendor.url.bug" value="https://bugreport.java.com/bugreport/"/>
    <property name="java.io.tmpdir" value="C:\Users\Guolong\AppData\Local\Temp\"/>
    <property name="java.version" value="23"/>
    <property name="user.dir" value="C:\Users\Guolong\OneDrive - University of Edinburgh\ST_CW\ilp_submission_1"/>
    <property name="os.arch" value="amd64"/>
    <property name="java.vm.specification.name" value="Java Virtual Machine Specification"/>
    <property name="sun.os.patch.level" value=""/>
    <property name="native.encoding" value="GBK"/>
    <property name="java.library.path" value="C:\Program Files\Java\jdk-23\bin;C:\WINDOWS\Sun\Java\bin;C:\WINDOWS\system32;C:\WINDOWS;C:\ProgramData\anaconda3\condabin;C:\Python38\Scripts\;C:\Python38\;C:\Program Files\Oculus\Support\oculus-runtime;C:\Program Files (x86)\Common Files\Oracle\Java\java8path;C:\Program Files (x86)\Common Files\Oracle\Java\javapath;C:\WINDOWS\system32;C:\WINDOWS;C:\WINDOWS\System32\Wbem;C:\WINDOWS\System32\WindowsPowerShell\v1.0\;C:\WINDOWS\System32\OpenSSH\;C:\Program Files\Microsoft SQL Server\150\Tools\Binn\;C:\Program Files\Microsoft SQL Server\Client SDK\ODBC\170\Tools\Binn\;C:\Program Files (x86)\Windows Kits\10\Windows Performance Toolkit\;C:\Program Files\MATLAB\R2024a\bin;C:\Program Files\Apache\maven\bin;C:\Program Files\Java\jdk-23\bin;C:\Program Files\Docker\Docker\resources\bin;C:\Program Files\dotnet\;C:\Program Files\Git\cmd;C:\ProgramData\chocolatey\bin;C:\Program Files\OpenSSL-Win64\bin\;C:\Program Files\CMake\bin;C:\ProgramData\chocolatey\lib\cunit\lib;C:\ProgramData\chocolatey\lib\tinyxml2\lib;C:\ProgramData\chocolatey\lib\log4cxx\lib;C:\ProgramData\chocolatey\lib\bullet\lib;C:\Program Files\Graphviz\bin;C:\Program Files (x86)\NVIDIA Corporation\PhysX\Common;C:\Program Files\NVIDIA Corporation\NVIDIA app\NvDLISR;C:\ProgramData\anaconda3;C:\ProgramData\anaconda3\scripts;C:\ProgramData\Anaconda3\Scripts\Library\bin;C:\Users\Guolong\AppData\Local\Programs\Python\Launcher\;C:\Users\Guolong\AppData\Local\Microsoft\WindowsApps;C:\Users\Guolong\AppData\Local\Programs\Microsoft VS Code\bin;D:\texlive\2024\bin\windows;C:\Users\Guolong\.dotnet\tools;;C:\Users\Guolong\AppData\Local\Programs\Ollama;."/>
    <property name="java.vm.info" value="mixed mode, sharing"/>
    <property name="stderr.encoding" value="GBK"/>
    <property name="java.vendor" value="Oracle Corporation"/>
    <property name="java.vm.version" value="23+37-2369"/>
    <property name="sun.io.unicode.encoding" value="UnicodeLittle"/>
    <property name="java.class.version" value="67.0"/>
  </properties>
  <testcase name="checkCreditCard_invalidCVV" classname="com.ilp.restservice.unitTest.OrderValidationServiceTest" time="0.606">
    <system-out><![CDATA[==== Test: checkCreditCard_invalidCVV ====
Input: CVV length=2
Expected: CVV_INVALID
Actual:   CVV_INVALID
Reason:   CVV must be 3 digits

]]></system-out>
    <system-err><![CDATA[WARNING: A Java agent has been loaded dynamically (C:\Users\Guolong\.m2\repository\net\bytebuddy\byte-buddy-agent\1.14.19\byte-buddy-agent-1.14.19.jar)
WARNING: If a serviceability tool is in use, please run with -XX:+EnableDynamicAgentLoading to hide this warning
WARNING: If a serviceability tool is not in use, please run with -Djdk.instrument.traceUsage for more information
WARNING: Dynamic loading of agents will be disallowed by default in a future release
]]></system-err>
  </testcase>
  <testcase name="checkBasicStructure_nullOrder" classname="com.ilp.restservice.unitTest.OrderValidationServiceTest" time="0.002">
    <system-out><![CDATA[==== Test: checkBasicStructure_nullOrder ====
Input: order = null
Expected: UNDEFINED
Actual:   UNDEFINED
Reason:   Because the order is null, we expect UNDEFINED

]]></system-out>
  </testcase>
  <testcase name="checkBasicStructure_tooManyPizzas" classname="com.ilp.restservice.unitTest.OrderValidationServiceTest" time="0.004">
    <system-out><![CDATA[==== Test: checkBasicStructure_tooManyPizzas ====
Input: 5 pizzas in the list
Expected: MAX_PIZZA_COUNT_EXCEEDED
Actual:   MAX_PIZZA_COUNT_EXCEEDED
Reason:   More than 4 pizzas => MAX_PIZZA_COUNT_EXCEEDED

]]></system-out>
  </testcase>
  <testcase name="checkCreditCard_invalidCardNumber" classname="com.ilp.restservice.unitTest.OrderValidationServiceTest" time="0.001">
    <system-out><![CDATA[==== Test: checkCreditCard_invalidCardNumber ====
Input: 4-digit card number
Expected: CARD_NUMBER_INVALID
Actual:   CARD_NUMBER_INVALID
Reason:   Card number <16 => invalid

]]></system-out>
  </testcase>
  <testcase name="computeOfficialTotal_simple" classname="com.ilp.restservice.unitTest.OrderValidationServiceTest" time="0.005">
    <system-out><![CDATA[==== Test: computeOfficialTotal_simple ====
Input: 'R1: Margarita'(1000), 'R1: Calzone'(1400)
Expected: 2400
Actual:   2400
Reason:   1000 + 1400 => 2400

]]></system-out>
  </testcase>
  <testcase name="checkBasicStructure_emptyPizzas" classname="com.ilp.restservice.unitTest.OrderValidationServiceTest" time="0.001">
    <system-out><![CDATA[==== Test: checkBasicStructure_emptyPizzas ====
Input: pizzasInOrder = []
Expected: EMPTY_ORDER
Actual:   EMPTY_ORDER
Reason:   An empty pizza list => EMPTY_ORDER

]]></system-out>
  </testcase>
  <testcase name="checkRestaurantIsOpen_dateNull" classname="com.ilp.restservice.unitTest.OrderValidationServiceTest" time="0.002">
    <system-out><![CDATA[==== Test: checkRestaurantIsOpen_dateNull ====
Input: date=null
Expected: null
Actual:   null
Reason:   If date is null, the code returns no error

]]></system-out>
  </testcase>
  <testcase name="checkRestaurantIsOpen_open" classname="com.ilp.restservice.unitTest.OrderValidationServiceTest" time="0.001">
    <system-out><![CDATA[==== Test: checkRestaurantIsOpen_open ====
Input: openingDays=[WEDNESDAY,THURSDAY], date=Wed
Expected: null (no error)
Actual:   null
Reason:   The restaurant is open on Wed => no error

]]></system-out>
  </testcase>
  <testcase name="checkFinalTotal_correct" classname="com.ilp.restservice.unitTest.OrderValidationServiceTest" time="0.001">
    <system-out><![CDATA[==== Test: checkFinalTotal_correct ====
Input: official=2300 => 2300+100=2400, user=2400
Expected: null
Actual:   null
Reason:   If they match => no error

]]></system-out>
  </testcase>
  <testcase name="checkRestaurantIsOpen_closed" classname="com.ilp.restservice.unitTest.OrderValidationServiceTest" time="0.001">
    <system-out><![CDATA[==== Test: checkRestaurantIsOpen_closed ====
Input: No openingDays, date=2025-01-01
Expected: RESTAURANT_CLOSED
Actual:   RESTAURANT_CLOSED
Reason:   If restaurant has no days => closed

]]></system-out>
  </testcase>
  <testcase name="checkEachPizzaPrice_mismatch" classname="com.ilp.restservice.unitTest.OrderValidationServiceTest" time="0.001">
    <system-out><![CDATA[==== Test: checkEachPizzaPrice_mismatch ====
Input: official=1000, user=1200
Expected: PRICE_FOR_PIZZA_INVALID
Actual:   PRICE_FOR_PIZZA_INVALID
Reason:   Price mismatch => PRICE_FOR_PIZZA_INVALID

]]></system-out>
  </testcase>
  <testcase name="checkBasicStructure_noError" classname="com.ilp.restservice.unitTest.OrderValidationServiceTest" time="0.001">
    <system-out><![CDATA[==== Test: checkBasicStructure_noError ====
Input: 1 pizza, valid structure
Expected: null
Actual:   null
Reason:   If structure is fine, no error => null

]]></system-out>
  </testcase>
  <testcase name="findSingleRestaurantForAllPizzas_singleOk" classname="com.ilp.restservice.unitTest.OrderValidationServiceTest" time="0.048">
    <system-out><![CDATA[==== Test: findSingleRestaurantForAllPizzas_singleOk ====
Input: 'R1: Margarita' and 'R1: Calzone' both in 'Rest1'
Expected: Restaurant 'Rest1'
Actual:   Rest1
Reason:   Exactly one match => return that restaurant

]]></system-out>
  </testcase>
  <testcase name="checkEachPizzaPrice_noError" classname="com.ilp.restservice.unitTest.OrderValidationServiceTest" time="0.001">
    <system-out><![CDATA[==== Test: checkEachPizzaPrice_noError ====
Input: official=1000, user=1000 => match
Expected: null (no error)
Actual:   null
Reason:   If user price matches official => no error

]]></system-out>
  </testcase>
  <testcase name="checkAllPizzasGloballyDefined_allGood" classname="com.ilp.restservice.unitTest.OrderValidationServiceTest" time="0.002">
    <system-out><![CDATA[==== Test: checkAllPizzasGloballyDefined_allGood ====
Input: 'R1: Margarita' is defined in 'Civerinos Slice'
Expected: null
Actual:   null
Reason:   If found globally => no error => null

]]></system-out>
  </testcase>
  <testcase name="checkCreditCard_ok" classname="com.ilp.restservice.unitTest.OrderValidationServiceTest" time="0.001">
    <system-out><![CDATA[==== Test: checkCreditCard_ok ====
Input: 16-digit, future expiry, 3-digit CVV
Expected: null
Actual:   null
Reason:   All fields valid => no error

]]></system-out>
  </testcase>
  <testcase name="findSingleRestaurantForAllPizzas_multipleRestaurants" classname="com.ilp.restservice.unitTest.OrderValidationServiceTest" time="0.001">
    <system-out><![CDATA[==== Test: findSingleRestaurantForAllPizzas_multipleRestaurants ====
Input: Two restaurants both can fulfill 'R1: Margarita'
Expected: Optional.empty()
Actual:   empty
Reason:   More than one match => empty Optional

]]></system-out>
  </testcase>
  <testcase name="isCardNumberValidTest" classname="com.ilp.restservice.unitTest.OrderValidationServiceTest" time="0.002">
    <system-out><![CDATA[==== Test: isCardNumberValidTest: null ====
Input: null
Expected: false
Actual:   false
Reason:   Null => not 16 digits => false

==== Test: isCardNumberValidTest: short number ====
Input: '12345678' => length=8
Expected: false
Actual:   false
Reason:   Must be 16 => false

==== Test: isCardNumberValidTest: 16 digits ====
Input: '1111222233334444' => length=16
Expected: true
Actual:   true
Reason:   16 digits => true

]]></system-out>
  </testcase>
  <testcase name="checkCreditCard_expired" classname="com.ilp.restservice.unitTest.OrderValidationServiceTest" time="0.001">
    <system-out><![CDATA[==== Test: checkCreditCard_expired ====
Input: expiry=01/21 => expired
Expected: EXPIRY_DATE_INVALID
Actual:   EXPIRY_DATE_INVALID
Reason:   If card is past expiry => invalid

]]></system-out>
  </testcase>
  <testcase name="findSingleRestaurantForAllPizzas_noneFulfill" classname="com.ilp.restservice.unitTest.OrderValidationServiceTest" time="0.001">
    <system-out><![CDATA[==== Test: findSingleRestaurantForAllPizzas_noneFulfill ====
Input: No restaurant contains 'R1: Margarita'
Expected: empty
Actual:   empty
Reason:   None can fulfill => empty Optional

]]></system-out>
  </testcase>
  <testcase name="checkBasicStructure_noPizzas" classname="com.ilp.restservice.unitTest.OrderValidationServiceTest" time="0.001">
    <system-out><![CDATA[==== Test: checkBasicStructure_noPizzas ====
Input: pizzasInOrder = null
Expected: UNDEFINED
Actual:   UNDEFINED
Reason:   If the pizzas list is null, we expect UNDEFINED

]]></system-out>
  </testcase>
  <testcase name="checkAllPizzasGloballyDefined_notDefined" classname="com.ilp.restservice.unitTest.OrderValidationServiceTest" time="0.001">
    <system-out><![CDATA[==== Test: checkAllPizzasGloballyDefined_notDefined ====
Input: 'R1: Margarita' not in any restaurant's menu
Expected: PIZZA_NOT_DEFINED
Actual:   PIZZA_NOT_DEFINED
Reason:   If pizza not found in any restaurant => PIZZA_NOT_DEFINED

]]></system-out>
  </testcase>
  <testcase name="checkFinalTotal_incorrect" classname="com.ilp.restservice.unitTest.OrderValidationServiceTest" time="0.0">
    <system-out><![CDATA[==== Test: checkFinalTotal_incorrect ====
Input: official=2000 => official+100=2100, user=2101
Expected: TOTAL_INCORRECT
Actual:   TOTAL_INCORRECT
Reason:   2101 != 2100 => mismatch

]]></system-out>
  </testcase>
</testsuite>